614

615

616

617

618

619

620

621

622

622

622

623

624

625

626

627

628

629

630

631

631

632

633

634

635

636

637

638

639

640
641
642
643
643
644
645
645
646
647
647
648
649
650
651
652
653
654
655
656
656
656
657
658
659
659
660
661
662
663
664
665
665
666
667
668
668
668
669
670
670
671
672
673
674
675
676
676
677
678
679
681
683
684
686
687
688
689
692
0
1
2
3
4
5
693
694
695
696
697
698
699
700
701
702
703
704
705
706
707
708
709
710
711
712
713
714
715
716
717
718
719
719
720
721
724
725
726
727
728
729
730
731
732
733
734
735
736
737
738
739
740
741
742
743
744
